# JRE version: 7.0_13-b20
# Java VM: Java HotSpot(TM) 64-Bit Server VM (23.7-b01 mixed mode windows-amd64 compressed oops)
Heap
 PSYoungGen      total 36864K, used 6533K [0x00000007d5f60000, 0x00000007da600000, 0x0000000800000000)
  eden space 31488K, 20% used [0x00000007d5f60000,0x00000007d65c1630,0x00000007d7e20000)
  from space 5376K, 0% used [0x00000007d7ee0000,0x00000007d7ee0000,0x00000007d8420000)
  to   space 20416K, 0% used [0x00000007d9210000,0x00000007d9210000,0x00000007da600000)
 ParOldGen       total 98880K, used 42316K [0x0000000781e00000, 0x0000000787e90000, 0x00000007d5f60000)
  object space 98880K, 42% used [0x0000000781e00000,0x0000000784753268,0x0000000787e90000)
 PSPermGen       total 21248K, used 10498K [0x000000077cc00000, 0x000000077e0c0000, 0x0000000781e00000)
  object space 21248K, 49% used [0x000000077cc00000,0x000000077d640b48,0x000000077e0c0000)
GC Heap History (10 events):
Event: 25.068 GC heap before
{Heap before GC invocations=2 (full 0):
 PSYoungGen      total 37632K, used 36041K [0x00000007d5f60000, 0x00000007d8960000, 0x0000000800000000)
  eden space 32256K, 96% used [0x00000007d5f60000,0x00000007d7de7aa8,0x00000007d7ee0000)
  from space 5376K, 88% used [0x00000007d7ee0000,0x00000007d838acd8,0x00000007d8420000)
  to   space 5376K, 0% used [0x00000007d8420000,0x00000007d8420000,0x00000007d8960000)
 ParOldGen       total 86144K, used 22031K [0x0000000781e00000, 0x0000000787220000, 0x00000007d5f60000)
  object space 86144K, 25% used [0x0000000781e00000,0x0000000783383d10,0x0000000787220000)
 PSPermGen       total 21248K, used 9574K [0x000000077cc00000, 0x000000077e0c0000, 0x0000000781e00000)
  object space 21248K, 45% used [0x000000077cc00000,0x000000077d559b30,0x000000077e0c0000)
Event: 25.091 GC heap after
Heap after GC invocations=2 (full 0):
 PSYoungGen      total 37632K, used 4603K [0x00000007d5f60000, 0x00000007d8960000, 0x0000000800000000)
  eden space 32256K, 0% used [0x00000007d5f60000,0x00000007d5f60000,0x00000007d7ee0000)
  from space 5376K, 85% used [0x00000007d8420000,0x00000007d889ee98,0x00000007d8960000)
  to   space 5376K, 0% used [0x00000007d7ee0000,0x00000007d7ee0000,0x00000007d8420000)
 ParOldGen       total 86144K, used 40644K [0x0000000781e00000, 0x0000000787220000, 0x00000007d5f60000)
  object space 86144K, 47% used [0x0000000781e00000,0x00000007845b12c0,0x0000000787220000)
 PSPermGen       total 21248K, used 9574K [0x000000077cc00000, 0x000000077e0c0000, 0x0000000781e00000)
  object space 21248K, 45% used [0x000000077cc00000,0x000000077d559b30,0x000000077e0c0000)
}
Event: 32.670 GC heap before
{Heap before GC invocations=3 (full 0):
 PSYoungGen      total 37632K, used 36859K [0x00000007d5f60000, 0x00000007d8960000, 0x0000000800000000)
  eden space 32256K, 100% used [0x00000007d5f60000,0x00000007d7ee0000,0x00000007d7ee0000)
  from space 5376K, 85% used [0x00000007d8420000,0x00000007d889ee98,0x00000007d8960000)
  to   space 5376K, 0% used [0x00000007d7ee0000,0x00000007d7ee0000,0x00000007d8420000)
 ParOldGen       total 86144K, used 40644K [0x0000000781e00000, 0x0000000787220000, 0x00000007d5f60000)
  object space 86144K, 47% used [0x0000000781e00000,0x00000007845b12c0,0x0000000787220000)
 PSPermGen       total 21248K, used 9813K [0x000000077cc00000, 0x000000077e0c0000, 0x0000000781e00000)
  object space 21248K, 46% used [0x000000077cc00000,0x000000077d595580,0x000000077e0c0000)
Event: 32.690 GC heap after
Heap after GC invocations=3 (full 0):
 PSYoungGen      total 37632K, used 5351K [0x00000007d5f60000, 0x00000007d8960000, 0x0000000800000000)
  eden space 32256K, 0% used [0x00000007d5f60000,0x00000007d5f60000,0x00000007d7ee0000)
  from space 5376K, 99% used [0x00000007d7ee0000,0x00000007d8419c28,0x00000007d8420000)
  to   space 5376K, 0% used [0x00000007d8420000,0x00000007d8420000,0x00000007d8960000)
 ParOldGen       total 86144K, used 51741K [0x0000000781e00000, 0x0000000787220000, 0x00000007d5f60000)
  object space 86144K, 60% used [0x0000000781e00000,0x00000007850876c8,0x0000000787220000)
 PSPermGen       total 21248K, used 9813K [0x000000077cc00000, 0x000000077e0c0000, 0x0000000781e00000)
  object space 21248K, 46% used [0x000000077cc00000,0x000000077d595580,0x000000077e0c0000)
}
Event: 47.632 GC heap before
{Heap before GC invocations=4 (full 0):
 PSYoungGen      total 37632K, used 37607K [0x00000007d5f60000, 0x00000007d8960000, 0x0000000800000000)
  eden space 32256K, 100% used [0x00000007d5f60000,0x00000007d7ee0000,0x00000007d7ee0000)
  from space 5376K, 99% used [0x00000007d7ee0000,0x00000007d8419c28,0x00000007d8420000)
  to   space 5376K, 0% used [0x00000007d8420000,0x00000007d8420000,0x00000007d8960000)
 ParOldGen       total 86144K, used 51741K [0x0000000781e00000, 0x0000000787220000, 0x00000007d5f60000)
  object space 86144K, 60% used [0x0000000781e00000,0x00000007850876c8,0x0000000787220000)
 PSPermGen       total 21248K, used 10057K [0x000000077cc00000, 0x000000077e0c0000, 0x0000000781e00000)
  object space 21248K, 47% used [0x000000077cc00000,0x000000077d5d2478,0x000000077e0c0000)
Event: 47.647 GC heap after
Heap after GC invocations=4 (full 0):
 PSYoungGen      total 37632K, used 5347K [0x00000007d5f60000, 0x00000007d8960000, 0x0000000800000000)
  eden space 32256K, 0% used [0x00000007d5f60000,0x00000007d5f60000,0x00000007d7ee0000)
  from space 5376K, 99% used [0x00000007d8420000,0x00000007d8958f98,0x00000007d8960000)
  to   space 5376K, 0% used [0x00000007d7ee0000,0x00000007d7ee0000,0x00000007d8420000)
 ParOldGen       total 86144K, used 57545K [0x0000000781e00000, 0x0000000787220000, 0x00000007d5f60000)
  object space 86144K, 66% used [0x0000000781e00000,0x0000000785632538,0x0000000787220000)
 PSPermGen       total 21248K, used 10057K [0x000000077cc00000, 0x000000077e0c0000, 0x0000000781e00000)
  object space 21248K, 47% used [0x000000077cc00000,0x000000077d5d2478,0x000000077e0c0000)
}
Event: 53.613 GC heap before
{Heap before GC invocations=5 (full 0):
 PSYoungGen      total 37632K, used 35909K [0x00000007d5f60000, 0x00000007d8960000, 0x0000000800000000)
  eden space 32256K, 94% used [0x00000007d5f60000,0x00000007d7d38518,0x00000007d7ee0000)
  from space 5376K, 99% used [0x00000007d8420000,0x00000007d8958f98,0x00000007d8960000)
  to   space 5376K, 0% used [0x00000007d7ee0000,0x00000007d7ee0000,0x00000007d8420000)
 ParOldGen       total 86144K, used 57545K [0x0000000781e00000, 0x0000000787220000, 0x00000007d5f60000)
  object space 86144K, 66% used [0x0000000781e00000,0x0000000785632538,0x0000000787220000)
 PSPermGen       total 21248K, used 10503K [0x000000077cc00000, 0x000000077e0c0000, 0x0000000781e00000)
  object space 21248K, 49% used [0x000000077cc00000,0x000000077d641d10,0x000000077e0c0000)
Event: 53.645 GC heap after
Heap after GC invocations=5 (full 0):
 PSYoungGen      total 36864K, used 5355K [0x00000007d5f60000, 0x00000007da600000, 0x0000000800000000)
  eden space 31488K, 0% used [0x00000007d5f60000,0x00000007d5f60000,0x00000007d7e20000)
  from space 5376K, 99% used [0x00000007d7ee0000,0x00000007d841ac28,0x00000007d8420000)
  to   space 20416K, 0% used [0x00000007d9210000,0x00000007d9210000,0x00000007da600000)
 ParOldGen       total 86144K, used 69202K [0x0000000781e00000, 0x0000000787220000, 0x00000007d5f60000)
  object space 86144K, 80% used [0x0000000781e00000,0x0000000786194870,0x0000000787220000)
 PSPermGen       total 21248K, used 10503K [0x000000077cc00000, 0x000000077e0c0000, 0x0000000781e00000)
  object space 21248K, 49% used [0x000000077cc00000,0x000000077d641d10,0x000000077e0c0000)
}
Event: 53.645 GC heap before
{Heap before GC invocations=6 (full 1):
 PSYoungGen      total 36864K, used 5355K [0x00000007d5f60000, 0x00000007da600000, 0x0000000800000000)
  eden space 31488K, 0% used [0x00000007d5f60000,0x00000007d5f60000,0x00000007d7e20000)
  from space 5376K, 99% used [0x00000007d7ee0000,0x00000007d841ac28,0x00000007d8420000)
  to   space 20416K, 0% used [0x00000007d9210000,0x00000007d9210000,0x00000007da600000)
 ParOldGen       total 86144K, used 69202K [0x0000000781e00000, 0x0000000787220000, 0x00000007d5f60000)
  object space 86144K, 80% used [0x0000000781e00000,0x0000000786194870,0x0000000787220000)
 PSPermGen       total 21248K, used 10503K [0x000000077cc00000, 0x000000077e0c0000, 0x0000000781e00000)
  object space 21248K, 49% used [0x000000077cc00000,0x000000077d641d10,0x000000077e0c0000)
Event: 53.811 GC heap after
Heap after GC invocations=6 (full 1):
 PSYoungGen      total 36864K, used 0K [0x00000007d5f60000, 0x00000007da600000, 0x0000000800000000)
  eden space 31488K, 0% used [0x00000007d5f60000,0x00000007d5f60000,0x00000007d7e20000)
  from space 5376K, 0% used [0x00000007d7ee0000,0x00000007d7ee0000,0x00000007d8420000)
  to   space 20416K, 0% used [0x00000007d9210000,0x00000007d9210000,0x00000007da600000)
 ParOldGen       total 98880K, used 42316K [0x0000000781e00000, 0x0000000787e90000, 0x00000007d5f60000)
  object space 98880K, 42% used [0x0000000781e00000,0x0000000784753268,0x0000000787e90000)
 PSPermGen       total 21248K, used 10498K [0x000000077cc00000, 0x000000077e0c0000, 0x0000000781e00000)
  object space 21248K, 49% used [0x000000077cc00000,0x000000077d640b28,0x000000077e0c0000)
}

